<?xml version="1.0" encoding="UTF-8"?>
<!-- Generated by org.testng.reporters.JUnitXMLReporter -->
<testsuite hostname="DHIRAJ-LAPTOP" ignored="0" name="Test" tests="11" failures="7" timestamp="25 Feb 2020 17:38:16 GMT" time="100.704" errors="0">
  <testcase name="@AfterTest closeBrowser" time="3.057" classname="testcases.Module9_1">
    <failure type="java.lang.RuntimeException" message="javax.mail.MessagingException: IOException while sending message;
  nested exception is:
	java.io.FileNotFoundException: F:\JAVA\Selenium\EclipsePhotonProjects\PallaviAssignment\Reports\TestReport.html (The system cannot find the file specified)">
      <![CDATA[java.lang.RuntimeException: javax.mail.MessagingException: IOException while sending message;
  nested exception is:
java.io.FileNotFoundException: F:\JAVA\Selenium\EclipsePhotonProjects\PallaviAssignment\Reports\TestReport.html (The system cannot find the file specified)
at functions.SendTestReportInEmail.send(SendTestReportInEmail.java:87)
at testcases.Module9_1.closeBrowser(Module9_1.java:103)
Caused by: javax.mail.MessagingException: IOException while sending message;
  nested exception is:
java.io.FileNotFoundException: F:\JAVA\Selenium\EclipsePhotonProjects\PallaviAssignment\Reports\TestReport.html (The system cannot find the file specified)
at com.sun.mail.smtp.SMTPTransport.sendMessage(SMTPTransport.java:1167)
at javax.mail.Transport.send0(Transport.java:255)
at javax.mail.Transport.send(Transport.java:124)
at functions.SendTestReportInEmail.send(SendTestReportInEmail.java:81)
... 25 more
Caused by: java.io.FileNotFoundException: F:\JAVA\Selenium\EclipsePhotonProjects\PallaviAssignment\Reports\TestReport.html (The system cannot find the file specified)
at java.io.FileInputStream.open0(Native Method)
at java.io.FileInputStream.open(FileInputStream.java:195)
at java.io.FileInputStream.<init>(FileInputStream.java:138)
at javax.activation.FileDataSource.getInputStream(FileDataSource.java:97)
at javax.activation.DataHandler.writeTo(DataHandler.java:305)
at javax.mail.internet.MimeBodyPart.writeTo(MimeBodyPart.java:1652)
at javax.mail.internet.MimeBodyPart.writeTo(MimeBodyPart.java:961)
at javax.mail.internet.MimeMultipart.writeTo(MimeMultipart.java:553)
at com.sun.mail.handlers.multipart_mixed.writeTo(multipart_mixed.java:103)
at javax.activation.ObjectDataContentHandler.writeTo(DataHandler.java:889)
at javax.activation.DataHandler.writeTo(DataHandler.java:317)
at javax.mail.internet.MimeBodyPart.writeTo(MimeBodyPart.java:1652)
at javax.mail.internet.MimeMessage.writeTo(MimeMessage.java:1850)
at com.sun.mail.smtp.SMTPTransport.sendMessage(SMTPTransport.java:1119)
... 28 more
... Removed 24 stack frames]]>
    </failure>
  </testcase> <!-- @AfterTest closeBrowser -->
  <testcase name="negativeScenariosTest on [Module9_1 passed=0 failed=0 skipped=0]" time="3.371" classname="testcases.Module9_1">
    <failure type="java.lang.NullPointerException">
      <![CDATA[java.lang.NullPointerException
at functions.UIOperation.perform(UIOperation.java:117)
at testcases.Module9_1.negativeScenariosTest(Module9_1.java:49)
... Removed 25 stack frames]]>
    </failure>
  </testcase> <!-- negativeScenariosTest on [Module9_1 passed=0 failed=0 skipped=0] -->
  <testcase name="negativeScenariosTest on [Module9_1 passed=0 failed=0 skipped=0]" time="3.092" classname="testcases.Module9_1"/>
  <testcase name="negativeScenariosTest on [Module9_1 passed=0 failed=0 skipped=0]" time="2.131" classname="testcases.Module9_1">
    <failure type="java.lang.NullPointerException">
      <![CDATA[java.lang.NullPointerException
at functions.UIOperation.perform(UIOperation.java:110)
at testcases.Module9_1.negativeScenariosTest(Module9_1.java:49)
... Removed 25 stack frames]]>
    </failure>
  </testcase> <!-- negativeScenariosTest on [Module9_1 passed=0 failed=0 skipped=0] -->
  <testcase name="negativeScenariosTest on [Module9_1 passed=0 failed=0 skipped=0]" time="1.798" classname="testcases.Module9_1">
    <failure type="java.lang.NullPointerException">
      <![CDATA[java.lang.NullPointerException
at functions.UIOperation.perform(UIOperation.java:110)
at testcases.Module9_1.negativeScenariosTest(Module9_1.java:49)
... Removed 25 stack frames]]>
    </failure>
  </testcase> <!-- negativeScenariosTest on [Module9_1 passed=0 failed=0 skipped=0] -->
  <testcase name="negativeScenariosTest on [Module9_1 passed=0 failed=0 skipped=0]" time="0.34" classname="testcases.Module9_1">
    <failure type="org.openqa.selenium.support.ui.UnexpectedTagNameException" message="Element should have been &amp;quot;select&amp;quot; but was &amp;quot;div&amp;quot;
Build info: version: &amp;apos;3.141.59&amp;apos;, revision: &amp;apos;e82be7d358&amp;apos;, time: &amp;apos;2018-11-14T08:17:03&amp;apos;
System info: host: &amp;apos;DHIRAJ-LAPTOP&amp;apos;, ip: &amp;apos;192.168.0.8&amp;apos;, os.name: &amp;apos;Windows 10&amp;apos;, os.arch: &amp;apos;amd64&amp;apos;, os.version: &amp;apos;10.0&amp;apos;, java.version: &amp;apos;1.8.0_231&amp;apos;
Driver info: driver.version: unknown">
      <![CDATA[org.openqa.selenium.support.ui.UnexpectedTagNameException: Element should have been "select" but was "div"
Build info: version: '3.141.59', revision: 'e82be7d358', time: '2018-11-14T08:17:03'
System info: host: 'DHIRAJ-LAPTOP', ip: '192.168.0.8', os.name: 'Windows 10', os.arch: 'amd64', os.version: '10.0', java.version: '1.8.0_231'
Driver info: driver.version: unknown
at org.openqa.selenium.support.ui.Select.<init>(Select.java:48)
at functions.UIOperation.perform(UIOperation.java:144)
at testcases.Module9_1.negativeScenariosTest(Module9_1.java:49)
... Removed 25 stack frames]]>
    </failure>
  </testcase> <!-- negativeScenariosTest on [Module9_1 passed=0 failed=0 skipped=0] -->
  <testcase name="negativeScenariosTest on [Module9_1 passed=0 failed=0 skipped=0]" time="1.952" classname="testcases.Module9_1"/>
  <testcase name="negativeScenariosTest on [Module9_1 passed=0 failed=0 skipped=0]" time="0.254" classname="testcases.Module9_1">
    <failure type="org.openqa.selenium.support.ui.UnexpectedTagNameException" message="Element should have been &amp;quot;select&amp;quot; but was &amp;quot;div&amp;quot;
Build info: version: &amp;apos;3.141.59&amp;apos;, revision: &amp;apos;e82be7d358&amp;apos;, time: &amp;apos;2018-11-14T08:17:03&amp;apos;
System info: host: &amp;apos;DHIRAJ-LAPTOP&amp;apos;, ip: &amp;apos;192.168.0.8&amp;apos;, os.name: &amp;apos;Windows 10&amp;apos;, os.arch: &amp;apos;amd64&amp;apos;, os.version: &amp;apos;10.0&amp;apos;, java.version: &amp;apos;1.8.0_231&amp;apos;
Driver info: driver.version: unknown">
      <![CDATA[org.openqa.selenium.support.ui.UnexpectedTagNameException: Element should have been "select" but was "div"
Build info: version: '3.141.59', revision: 'e82be7d358', time: '2018-11-14T08:17:03'
System info: host: 'DHIRAJ-LAPTOP', ip: '192.168.0.8', os.name: 'Windows 10', os.arch: 'amd64', os.version: '10.0', java.version: '1.8.0_231'
Driver info: driver.version: unknown
at org.openqa.selenium.support.ui.Select.<init>(Select.java:48)
at functions.UIOperation.perform(UIOperation.java:144)
at testcases.Module9_1.negativeScenariosTest(Module9_1.java:49)
... Removed 25 stack frames]]>
    </failure>
  </testcase> <!-- negativeScenariosTest on [Module9_1 passed=0 failed=0 skipped=0] -->
  <testcase name="negativeScenariosTest on [Module9_1 passed=0 failed=0 skipped=0]" time="1.819" classname="testcases.Module9_1"/>
  <testcase name="negativeScenariosTest on [Module9_1 passed=0 failed=0 skipped=0]" time="0.32" classname="testcases.Module9_1">
    <failure type="org.openqa.selenium.support.ui.UnexpectedTagNameException" message="Element should have been &amp;quot;select&amp;quot; but was &amp;quot;div&amp;quot;
Build info: version: &amp;apos;3.141.59&amp;apos;, revision: &amp;apos;e82be7d358&amp;apos;, time: &amp;apos;2018-11-14T08:17:03&amp;apos;
System info: host: &amp;apos;DHIRAJ-LAPTOP&amp;apos;, ip: &amp;apos;192.168.0.8&amp;apos;, os.name: &amp;apos;Windows 10&amp;apos;, os.arch: &amp;apos;amd64&amp;apos;, os.version: &amp;apos;10.0&amp;apos;, java.version: &amp;apos;1.8.0_231&amp;apos;
Driver info: driver.version: unknown">
      <![CDATA[org.openqa.selenium.support.ui.UnexpectedTagNameException: Element should have been "select" but was "div"
Build info: version: '3.141.59', revision: 'e82be7d358', time: '2018-11-14T08:17:03'
System info: host: 'DHIRAJ-LAPTOP', ip: '192.168.0.8', os.name: 'Windows 10', os.arch: 'amd64', os.version: '10.0', java.version: '1.8.0_231'
Driver info: driver.version: unknown
at org.openqa.selenium.support.ui.Select.<init>(Select.java:48)
at functions.UIOperation.perform(UIOperation.java:144)
at testcases.Module9_1.negativeScenariosTest(Module9_1.java:49)
... Removed 25 stack frames]]>
    </failure>
  </testcase> <!-- negativeScenariosTest on [Module9_1 passed=0 failed=0 skipped=0] -->
  <testcase name="negativeScenariosTest on [Module9_1 passed=0 failed=0 skipped=0]" time="1.864" classname="testcases.Module9_1"/>
  <testcase name="negativeScenariosTest on [Module9_1 passed=0 failed=0 skipped=0]" time="0.285" classname="testcases.Module9_1">
    <failure type="org.openqa.selenium.support.ui.UnexpectedTagNameException" message="Element should have been &amp;quot;select&amp;quot; but was &amp;quot;div&amp;quot;
Build info: version: &amp;apos;3.141.59&amp;apos;, revision: &amp;apos;e82be7d358&amp;apos;, time: &amp;apos;2018-11-14T08:17:03&amp;apos;
System info: host: &amp;apos;DHIRAJ-LAPTOP&amp;apos;, ip: &amp;apos;192.168.0.8&amp;apos;, os.name: &amp;apos;Windows 10&amp;apos;, os.arch: &amp;apos;amd64&amp;apos;, os.version: &amp;apos;10.0&amp;apos;, java.version: &amp;apos;1.8.0_231&amp;apos;
Driver info: driver.version: unknown">
      <![CDATA[org.openqa.selenium.support.ui.UnexpectedTagNameException: Element should have been "select" but was "div"
Build info: version: '3.141.59', revision: 'e82be7d358', time: '2018-11-14T08:17:03'
System info: host: 'DHIRAJ-LAPTOP', ip: '192.168.0.8', os.name: 'Windows 10', os.arch: 'amd64', os.version: '10.0', java.version: '1.8.0_231'
Driver info: driver.version: unknown
at org.openqa.selenium.support.ui.Select.<init>(Select.java:48)
at functions.UIOperation.perform(UIOperation.java:144)
at testcases.Module9_1.negativeScenariosTest(Module9_1.java:49)
... Removed 25 stack frames]]>
    </failure>
  </testcase> <!-- negativeScenariosTest on [Module9_1 passed=0 failed=0 skipped=0] -->
</testsuite> <!-- Test -->
